/Users/wkoffel/.rbenv/versions/2.1.1/bin/ruby extconf.rb 
checking for libxml/parser.h... yes
checking for libxslt/xslt.h... yes
checking for libexslt/exslt.h... yes
checking for iconv_open() in iconv.h... no
checking for iconv_open() in -liconv... yes
checking for xmlParseDoc() in -lxml2... yes
checking for xsltParseStylesheetDoc() in -lxslt... yes
checking for exsltFuncRegister() in -lexslt... yes
checking for xmlHasFeature()... yes
checking for xmlFirstElementChild()... yes
checking for xmlRelaxNGSetParserStructuredErrors()... yes
checking for xmlRelaxNGSetParserStructuredErrors()... yes
checking for xmlRelaxNGSetValidStructuredErrors()... yes
checking for xmlSchemaSetValidStructuredErrors()... yes
checking for xmlSchemaSetParserStructuredErrors()... yes
creating Makefile

make "DESTDIR=" clean

make "DESTDIR="
compiling html_document.c
compiling html_element_description.c
compiling html_entity_lookup.c
compiling html_sax_parser_context.c
compiling html_sax_push_parser.c
compiling nokogiri.c
compiling xml_attr.c
compiling xml_attribute_decl.c
compiling xml_cdata.c
compiling xml_comment.c
compiling xml_document.c
compiling xml_document_fragment.c
compiling xml_dtd.c
compiling xml_element_content.c
compiling xml_element_decl.c
compiling xml_encoding_handler.c
compiling xml_entity_decl.c
compiling xml_entity_reference.c
compiling xml_io.c
compiling xml_libxml2_hacks.c
compiling xml_namespace.c
compiling xml_node.c
compiling xml_node_set.c
compiling xml_processing_instruction.c
compiling xml_reader.c
compiling xml_relax_ng.c
compiling xml_sax_parser.c
compiling xml_sax_parser_context.c
compiling xml_sax_push_parser.c
compiling xml_schema.c
compiling xml_syntax_error.c
compiling xml_text.c
compiling xml_xpath_context.c
compiling xslt_stylesheet.c
linking shared-object nokogiri/nokogiri.bundle
ld: warning: directory not found for option '-L/usr/local/Cellar/libxml2/2.9.2/lib'
ld: warning: directory not found for option '-L/opt/local/lib'

make "DESTDIR=" install
/usr/bin/install -c -m 0755 nokogiri.bundle ./.gem.20141226-25606-10tbej4/nokogiri
installing default nokogiri libraries
